<?xml version="1.0" encoding="utf-8"?><testsuites name="pytest tests"><testsuite name="pytest" errors="0" failures="0" skipped="0" tests="19" time="11.944" timestamp="2026-05-31T07:54:24.206464+00:00" hostname="agent-env-d58f7ed1-a23f-4ab4-ae61-925d340c798b"><testcase classname="backend.tests.backend_test" name="test_root" time="0.250" /><testcase classname="backend.tests.backend_test.TestAuth" name="test_register_creates_user" time="0.538" /><testcase classname="backend.tests.backend_test.TestAuth" name="test_register_duplicate" time="0.045" /><testcase classname="backend.tests.backend_test.TestAuth" name="test_login_admin" time="0.269" /><testcase classname="backend.tests.backend_test.TestAuth" name="test_login_invalid" time="0.046" /><testcase classname="backend.tests.backend_test.TestAuth" name="test_me" time="0.045" /><testcase classname="backend.tests.backend_test.TestAuth" name="test_me_no_token" time="0.044" /><testcase classname="backend.tests.backend_test.TestInquiries" name="test_create_anonymous_inquiry" time="0.126" /><testcase classname="backend.tests.backend_test.TestInquiries" name="test_inquiries_me" time="0.090" /><testcase classname="backend.tests.backend_test.TestAI" name="test_quote_car_sedan" time="0.044" /><testcase classname="backend.tests.backend_test.TestAI" name="test_quote_bus" time="0.045" /><testcase classname="backend.tests.backend_test.TestAI" name="test_ai_chat" time="7.470" /><testcase classname="backend.tests.backend_test.TestAI" name="test_voice_parse" time="2.389" /><testcase classname="backend.tests.backend_test.TestLeadScore" name="test_hot_large_group_bus" time="0.048" /><testcase classname="backend.tests.backend_test.TestAdmin" name="test_stats_requires_admin" time="0.046" /><testcase classname="backend.tests.backend_test.TestAdmin" name="test_stats_with_user_token_forbidden" time="0.044" /><testcase classname="backend.tests.backend_test.TestAdmin" name="test_admin_stats" time="0.055" /><testcase classname="backend.tests.backend_test.TestAdmin" name="test_admin_list_and_filter" time="0.087" /><testcase classname="backend.tests.backend_test.TestAdmin" name="test_admin_patch_status" time="0.090" /></testsuite></testsuites>