<?xml version="1.0" encoding="utf-8"?><testsuites name="pytest tests"><testsuite name="pytest" errors="0" failures="0" skipped="0" tests="25" time="16.584" timestamp="2026-05-31T08:07:57.771825+00:00" hostname="agent-env-d58f7ed1-a23f-4ab4-ae61-925d340c798b"><testcase classname="backend.tests.backend_test" name="test_root" time="0.136" /><testcase classname="backend.tests.backend_test.TestAuth" name="test_register_creates_user" time="0.535" /><testcase classname="backend.tests.backend_test.TestAuth" name="test_register_duplicate" time="0.045" /><testcase classname="backend.tests.backend_test.TestAuth" name="test_login_admin" time="0.265" /><testcase classname="backend.tests.backend_test.TestAuth" name="test_login_invalid" time="0.044" /><testcase classname="backend.tests.backend_test.TestAuth" name="test_me" time="0.044" /><testcase classname="backend.tests.backend_test.TestAuth" name="test_me_no_token" time="0.041" /><testcase classname="backend.tests.backend_test.TestInquiries" name="test_create_anonymous_inquiry" time="0.617" /><testcase classname="backend.tests.backend_test.TestInquiries" name="test_inquiries_me" time="0.586" /><testcase classname="backend.tests.backend_test.TestAI" name="test_quote_car_sedan" time="0.630" /><testcase classname="backend.tests.backend_test.TestAI" name="test_quote_bus" time="0.538" /><testcase classname="backend.tests.backend_test.TestAI" name="test_ai_chat" time="7.815" /><testcase classname="backend.tests.backend_test.TestAI" name="test_voice_parse" time="2.258" /><testcase classname="backend.tests.backend_test.TestLeadScore" name="test_hot_large_group_bus" time="0.765" /><testcase classname="backend.tests.backend_test.TestAdmin" name="test_stats_requires_admin" time="0.045" /><testcase classname="backend.tests.backend_test.TestAdmin" name="test_stats_with_user_token_forbidden" time="0.041" /><testcase classname="backend.tests.backend_test.TestAdmin" name="test_admin_stats" time="0.049" /><testcase classname="backend.tests.backend_test.TestAdmin" name="test_admin_list_and_filter" time="0.092" /><testcase classname="backend.tests.backend_test.TestAdmin" name="test_admin_patch_status" time="0.089" /><testcase classname="backend.tests.backend_test.TestRealDistance" name="test_quote_with_text_only_patna_gaya" time="0.539" /><testcase classname="backend.tests.backend_test.TestRealDistance" name="test_quote_with_coords_uses_osrm" time="0.420" /><testcase classname="backend.tests.backend_test.TestRealDistance" name="test_inquiry_persists_distance_source" time="0.468" /><testcase classname="backend.tests.backend_test.TestPWAAssets" name="test_manifest" time="0.158" /><testcase classname="backend.tests.backend_test.TestPWAAssets" name="test_service_worker" time="0.104" /><testcase classname="backend.tests.backend_test.TestPWAAssets" name="test_logo" time="0.157" /></testsuite></testsuites>